2024-01-19 18:07:20 India Standard TimeINFO:werkzeug: * Detected change in 'C:\\Users\\Admin\\PycharmProjects\\Facedetection_matched_ML\\spoofing_face_match_application.py', reloading
2024-01-19 18:07:26 India Standard TimeINFO:werkzeug: * Restarting with stat
2024-01-19 18:07:30 India Standard TimeWARNING:werkzeug: * Debugger is active!
2024-01-19 18:07:30 India Standard TimeINFO:werkzeug: * Debugger PIN: 801-066-297
2024-01-19 18:08:19 India Standard TimeINFO:root:Client connected
2024-01-19 18:08:19 India Standard TimeINFO:root:userid_data: 658c10d2da185563578215d3
2024-01-19 18:08:20 India Standard TimeINFO:root:response: <Response [200]>
2024-01-19 18:08:20 India Standard TimeINFO:root:faceencoding of api face: 128
2024-01-19 18:08:20 India Standard TimeINFO:root:userid_data: 658c10d2da185563578215d3
2024-01-19 18:08:21 India Standard TimeINFO:root:response: <Response [200]>
2024-01-19 18:08:21 India Standard TimeINFO:root:faceencoding of api face: 128
2024-01-19 18:08:26 India Standard TimeINFO:root:Client connected
2024-01-19 18:08:26 India Standard TimeINFO:root:userid_data: 658c10d2da185563578215d3
2024-01-19 18:08:26 India Standard TimeINFO:root:response: <Response [200]>
2024-01-19 18:08:27 India Standard TimeINFO:root:faceencoding of api face: 128
2024-01-19 18:08:27 India Standard TimeINFO:root:userid_data: 658c10d2da185563578215d3
2024-01-19 18:08:27 India Standard TimeINFO:root:response: <Response [200]>
2024-01-19 18:08:28 India Standard TimeINFO:root:faceencoding of api face: 128
2024-01-19 18:08:28 India Standard TimeINFO:root:userid_data: 658c10d2da185563578215d3
2024-01-19 18:08:28 India Standard TimeINFO:root:response: <Response [200]>
2024-01-19 18:08:29 India Standard TimeINFO:root:faceencoding of api face: 128
2024-01-19 18:08:37 India Standard TimeINFO:root:====result {'matched': False, 'name': 'Unknown', 'message': 'not matching face with the DB stored image'}:
2024-01-19 18:08:37 India Standard TimeINFO:root:Client disconnected
2024-01-19 18:10:29 India Standard TimeINFO:werkzeug: * Detected change in 'C:\\Users\\Admin\\PycharmProjects\\Facedetection_matched_ML\\spoofing_face_match_application.py', reloading
2024-01-19 18:10:30 India Standard TimeINFO:werkzeug: * Restarting with stat
2024-01-19 18:10:36 India Standard TimeINFO:werkzeug: * Restarting with stat
2024-01-19 18:10:40 India Standard TimeWARNING:werkzeug: * Debugger is active!
2024-01-19 18:10:40 India Standard TimeINFO:werkzeug: * Debugger PIN: 801-066-297
2024-01-19 18:10:44 India Standard TimeINFO:root:Client connected
2024-01-19 18:10:44 India Standard TimeINFO:root:userid_data: 658c10d2da185563578215d3
2024-01-19 18:10:45 India Standard TimeINFO:root:response: <Response [200]>
2024-01-19 18:10:45 India Standard TimeINFO:root:faceencoding of api face: 128
2024-01-19 18:10:45 India Standard TimeINFO:root:userid_data: 658c10d2da185563578215d3
2024-01-19 18:10:46 India Standard TimeINFO:root:response: <Response [200]>
2024-01-19 18:10:46 India Standard TimeINFO:root:faceencoding of api face: 128
2024-01-19 18:10:48 India Standard TimeINFO:root:Client connected
2024-01-19 18:10:48 India Standard TimeINFO:root:userid_data: 658c10d2da185563578215d3
2024-01-19 18:10:49 India Standard TimeINFO:root:response: <Response [200]>
2024-01-19 18:10:49 India Standard TimeINFO:root:faceencoding of api face: 128
2024-01-19 18:10:49 India Standard TimeINFO:root:userid_data: 658c10d2da185563578215d3
2024-01-19 18:10:50 India Standard TimeINFO:root:response: <Response [200]>
2024-01-19 18:10:50 India Standard TimeINFO:root:faceencoding of api face: 128
2024-01-19 18:10:50 India Standard TimeINFO:root:userid_data: 658c10d2da185563578215d3
2024-01-19 18:10:51 India Standard TimeINFO:root:response: <Response [200]>
2024-01-19 18:10:51 India Standard TimeINFO:root:faceencoding of api face: 128
2024-01-19 18:10:59 India Standard TimeWARNING:root:User-specific image database not found for user: 658c10d2da185563578215d3
2024-01-19 18:11:12 India Standard TimeINFO:root:Client disconnected
2024-01-19 18:11:12 India Standard TimeINFO:root:Client disconnected
2024-01-19 18:12:46 India Standard TimeINFO:werkzeug: * Detected change in 'C:\\Users\\Admin\\PycharmProjects\\Facedetection_matched_ML\\spoofing_face_match_application.py', reloading
2024-01-19 18:12:47 India Standard TimeINFO:werkzeug: * Restarting with stat
2024-01-19 18:12:52 India Standard TimeINFO:werkzeug: * Restarting with stat
2024-01-19 18:12:56 India Standard TimeWARNING:werkzeug: * Debugger is active!
2024-01-19 18:12:56 India Standard TimeINFO:werkzeug: * Debugger PIN: 801-066-297
2024-01-19 18:12:58 India Standard TimeINFO:root:Client connected
2024-01-19 18:12:58 India Standard TimeINFO:root:userid_data: 658c10d2da185563578215d3
2024-01-19 18:12:58 India Standard TimeINFO:root:response: <Response [200]>
2024-01-19 18:12:59 India Standard TimeINFO:root:faceencoding of api face: 128
2024-01-19 18:12:59 India Standard TimeINFO:root:userid_data: 658c10d2da185563578215d3
2024-01-19 18:12:59 India Standard TimeINFO:root:response: <Response [200]>
2024-01-19 18:13:00 India Standard TimeINFO:root:faceencoding of api face: 128
2024-01-19 18:13:09 India Standard TimeERROR:root:Error: 'user_id'
2024-01-19 18:13:47 India Standard TimeINFO:werkzeug: * Detected change in 'C:\\Users\\Admin\\PycharmProjects\\Facedetection_matched_ML\\spoofing_face_match_application.py', reloading
2024-01-19 18:13:47 India Standard TimeINFO:werkzeug: * Restarting with stat
2024-01-19 18:13:51 India Standard TimeWARNING:werkzeug: * Debugger is active!
2024-01-19 18:13:51 India Standard TimeINFO:werkzeug: * Debugger PIN: 801-066-297
2024-01-19 18:14:39 India Standard TimeINFO:werkzeug: * Restarting with stat
2024-01-19 18:14:43 India Standard TimeWARNING:werkzeug: * Debugger is active!
2024-01-19 18:14:43 India Standard TimeINFO:werkzeug: * Debugger PIN: 801-066-297
2024-01-19 18:14:44 India Standard TimeINFO:root:Client connected
2024-01-19 18:14:44 India Standard TimeINFO:root:userid_data: 658c10d2da185563578215d3
2024-01-19 18:14:44 India Standard TimeINFO:root:response: <Response [200]>
2024-01-19 18:14:45 India Standard TimeINFO:root:faceencoding of api face: 128
2024-01-19 18:14:45 India Standard TimeINFO:root:userid_data: 658c10d2da185563578215d3
2024-01-19 18:14:45 India Standard TimeINFO:root:response: <Response [200]>
2024-01-19 18:14:46 India Standard TimeINFO:root:faceencoding of api face: 128
2024-01-19 18:14:55 India Standard TimeERROR:root:Error: 'user_id'
2024-01-19 18:16:52 India Standard TimeINFO:werkzeug: * Detected change in 'C:\\Users\\Admin\\PycharmProjects\\Facedetection_matched_ML\\spoofing_face_match_application.py', reloading
2024-01-19 18:16:53 India Standard TimeINFO:werkzeug: * Restarting with stat
2024-01-19 18:16:57 India Standard TimeWARNING:werkzeug: * Debugger is active!
2024-01-19 18:16:57 India Standard TimeINFO:werkzeug: * Debugger PIN: 801-066-297
2024-01-19 18:17:04 India Standard TimeINFO:root:Client connected
2024-01-19 18:17:04 India Standard TimeINFO:root:userid_data: 658c10d2da185563578215d3
2024-01-19 18:17:05 India Standard TimeINFO:root:response: <Response [200]>
2024-01-19 18:17:06 India Standard TimeINFO:root:faceencoding of api face: 128
2024-01-19 18:17:06 India Standard TimeINFO:root:userid_data: 658c10d2da185563578215d3
2024-01-19 18:17:06 India Standard TimeINFO:root:response: <Response [200]>
2024-01-19 18:17:07 India Standard TimeINFO:root:faceencoding of api face: 128
2024-01-19 18:17:16 India Standard TimeERROR:root:Error: 'user_id'
2024-01-19 18:18:55 India Standard TimeINFO:werkzeug: * Detected change in 'C:\\Users\\Admin\\PycharmProjects\\Facedetection_matched_ML\\spoofing_face_match_application.py', reloading
2024-01-19 18:19:01 India Standard TimeINFO:werkzeug: * Restarting with stat
2024-01-19 18:19:05 India Standard TimeWARNING:werkzeug: * Debugger is active!
2024-01-19 18:19:05 India Standard TimeINFO:werkzeug: * Debugger PIN: 801-066-297
2024-01-19 18:19:18 India Standard TimeINFO:root:Client connected
2024-01-19 18:19:19 India Standard TimeINFO:root:userid_data: 658c10d2da185563578215d3
2024-01-19 18:19:19 India Standard TimeINFO:root:response: <Response [200]>
2024-01-19 18:19:19 India Standard TimeINFO:root:faceencoding of api face: 128
2024-01-19 18:19:19 India Standard TimeINFO:root:userid_data: 658c10d2da185563578215d3
2024-01-19 18:19:20 India Standard TimeINFO:root:response: <Response [200]>
2024-01-19 18:19:21 India Standard TimeINFO:root:faceencoding of api face: 128
2024-01-19 18:19:29 India Standard TimeERROR:root:Error: 'user_id'
2024-01-19 18:20:14 India Standard TimeINFO:werkzeug: * Detected change in 'C:\\Users\\Admin\\PycharmProjects\\Facedetection_matched_ML\\spoofing_face_match_application.py', reloading
2024-01-19 18:20:15 India Standard TimeINFO:werkzeug: * Restarting with stat
2024-01-19 18:20:22 India Standard TimeINFO:werkzeug: * Restarting with stat
2024-01-19 18:20:26 India Standard TimeWARNING:werkzeug: * Debugger is active!
2024-01-19 18:20:26 India Standard TimeINFO:werkzeug: * Debugger PIN: 801-066-297
2024-01-19 18:20:30 India Standard TimeINFO:root:Client connected
2024-01-19 18:20:30 India Standard TimeINFO:root:userid_data: 658c10d2da185563578215d3
2024-01-19 18:20:31 India Standard TimeINFO:root:response: <Response [200]>
2024-01-19 18:20:31 India Standard TimeINFO:root:faceencoding of api face: 128
2024-01-19 18:20:31 India Standard TimeINFO:root:userid_data: 658c10d2da185563578215d3
2024-01-19 18:20:32 India Standard TimeINFO:root:response: <Response [200]>
2024-01-19 18:20:32 India Standard TimeINFO:root:faceencoding of api face: 128
2024-01-19 18:20:41 India Standard TimeWARNING:root:User-specific image database not found for user: 658c10d2da185563578215d3
2024-01-19 18:22:48 India Standard TimeINFO:werkzeug: * Detected change in 'C:\\Users\\Admin\\PycharmProjects\\Facedetection_matched_ML\\spoofing_face_match_application.py', reloading
2024-01-19 18:22:49 India Standard TimeINFO:werkzeug: * Restarting with stat
2024-01-19 18:22:53 India Standard TimeWARNING:werkzeug: * Debugger is active!
2024-01-19 18:22:53 India Standard TimeINFO:werkzeug: * Debugger PIN: 801-066-297
2024-01-19 18:24:52 India Standard TimeINFO:werkzeug: * Detected change in 'C:\\Users\\Admin\\PycharmProjects\\Facedetection_matched_ML\\spoofing_face_match_application.py', reloading
2024-01-19 18:24:53 India Standard TimeINFO:werkzeug: * Restarting with stat
2024-01-19 18:25:00 India Standard TimeINFO:werkzeug: * Restarting with stat
2024-01-19 18:25:04 India Standard TimeWARNING:werkzeug: * Debugger is active!
2024-01-19 18:25:04 India Standard TimeINFO:werkzeug: * Debugger PIN: 801-066-297
2024-01-19 18:25:13 India Standard TimeINFO:root:Client connected
2024-01-19 18:25:13 India Standard TimeINFO:root:userid_data: 658c10d2da185563578215d3
2024-01-19 18:25:14 India Standard TimeINFO:root:response: <Response [200]>
2024-01-19 18:25:14 India Standard TimeINFO:root:faceencoding of api face: 128
2024-01-19 18:25:14 India Standard TimeINFO:root:userid_data: 658c10d2da185563578215d3
2024-01-19 18:25:15 India Standard TimeINFO:root:response: <Response [200]>
2024-01-19 18:25:15 India Standard TimeINFO:root:faceencoding of api face: 128
2024-01-19 18:25:20 India Standard TimeINFO:root:Client connected
2024-01-19 18:25:20 India Standard TimeINFO:root:userid_data: 658c10d2da185563578215d3
2024-01-19 18:25:21 India Standard TimeINFO:root:response: <Response [200]>
2024-01-19 18:25:21 India Standard TimeINFO:root:faceencoding of api face: 128
2024-01-19 18:25:21 India Standard TimeINFO:root:userid_data: 658c10d2da185563578215d3
2024-01-19 18:25:22 India Standard TimeINFO:root:response: <Response [200]>
2024-01-19 18:25:22 India Standard TimeINFO:root:faceencoding of api face: 128
2024-01-19 18:25:22 India Standard TimeINFO:root:userid_data: 658c10d2da185563578215d3
2024-01-19 18:25:24 India Standard TimeINFO:root:response: <Response [200]>
2024-01-19 18:25:24 India Standard TimeINFO:root:faceencoding of api face: 128
2024-01-19 18:25:31 India Standard TimeWARNING:root:User-specific image database not found for user: 658c10d2da185563578215d3
2024-01-19 18:33:15 India Standard TimeINFO:werkzeug: * Detected change in 'C:\\Users\\Admin\\PycharmProjects\\Facedetection_matched_ML\\spoofing_face_match_application.py', reloading
2024-01-19 18:33:16 India Standard TimeINFO:werkzeug: * Restarting with stat
2024-01-19 18:33:22 India Standard TimeINFO:werkzeug: * Restarting with stat
2024-01-19 18:33:26 India Standard TimeWARNING:werkzeug: * Debugger is active!
2024-01-19 18:33:26 India Standard TimeINFO:werkzeug: * Debugger PIN: 801-066-297
2024-01-19 18:33:28 India Standard TimeINFO:root:Client connected
2024-01-19 18:33:28 India Standard TimeINFO:root:userid_data: 658c10d2da185563578215d3
2024-01-19 18:33:29 India Standard TimeINFO:root:response: <Response [200]>
2024-01-19 18:33:29 India Standard TimeINFO:root:faceencoding of api face: 128
2024-01-19 18:33:29 India Standard TimeINFO:root:userid_data: 658c10d2da185563578215d3
2024-01-19 18:33:30 India Standard TimeINFO:root:response: <Response [200]>
2024-01-19 18:33:30 India Standard TimeINFO:root:faceencoding of api face: 128
2024-01-19 18:35:19 India Standard TimeINFO:werkzeug: * Detected change in 'C:\\Users\\Admin\\PycharmProjects\\Facedetection_matched_ML\\spoofing_face_match_application.py', reloading
2024-01-19 18:35:19 India Standard TimeINFO:werkzeug: * Restarting with stat
2024-01-19 18:35:24 India Standard TimeWARNING:werkzeug: * Debugger is active!
2024-01-19 18:35:24 India Standard TimeINFO:werkzeug: * Debugger PIN: 801-066-297
2024-01-19 18:37:45 India Standard TimeINFO:werkzeug: * Detected change in 'C:\\Users\\Admin\\PycharmProjects\\Facedetection_matched_ML\\spoofing_face_match_application.py', reloading
2024-01-19 18:37:45 India Standard TimeINFO:werkzeug: * Restarting with stat
2024-01-19 18:37:55 India Standard TimeINFO:werkzeug: * Restarting with stat
2024-01-19 18:37:59 India Standard TimeWARNING:werkzeug: * Debugger is active!
2024-01-19 18:37:59 India Standard TimeINFO:werkzeug: * Debugger PIN: 801-066-297
2024-01-19 18:38:34 India Standard TimeINFO:werkzeug: * Detected change in 'C:\\Users\\Admin\\PycharmProjects\\Facedetection_matched_ML\\spoofing_face_match_application.py', reloading
2024-01-19 18:38:35 India Standard TimeINFO:werkzeug: * Restarting with stat
2024-01-19 18:38:39 India Standard TimeWARNING:werkzeug: * Debugger is active!
2024-01-19 18:38:39 India Standard TimeINFO:werkzeug: * Debugger PIN: 801-066-297
2024-01-19 18:38:41 India Standard TimeINFO:root:Client connected
2024-01-19 18:38:41 India Standard TimeINFO:root:userid_data: 658c10d2da185563578215d3
2024-01-19 18:38:42 India Standard TimeINFO:root:response: <Response [200]>
2024-01-19 18:38:42 India Standard TimeINFO:root:faceencoding of api face: 128
2024-01-19 18:38:42 India Standard TimeERROR:root:Error: list indices must be integers or slices, not str
2024-01-19 18:38:42 India Standard TimeINFO:root:userid_data: 658c10d2da185563578215d3
2024-01-19 18:38:43 India Standard TimeINFO:root:response: <Response [200]>
2024-01-19 18:38:43 India Standard TimeINFO:root:faceencoding of api face: 128
2024-01-19 18:38:43 India Standard TimeERROR:root:Error: list indices must be integers or slices, not str
2024-01-19 18:38:52 India Standard TimeWARNING:root:User-specific image database not found for user: 658c10d2da185563578215d3
2024-01-19 18:40:16 India Standard TimeINFO:werkzeug: * Detected change in 'C:\\Users\\Admin\\PycharmProjects\\Facedetection_matched_ML\\spoofing_face_match_application.py', reloading
2024-01-19 18:40:16 India Standard TimeINFO:werkzeug: * Restarting with stat
2024-01-19 18:40:24 India Standard TimeINFO:werkzeug: * Restarting with stat
2024-01-19 18:40:28 India Standard TimeWARNING:werkzeug: * Debugger is active!
2024-01-19 18:40:28 India Standard TimeINFO:werkzeug: * Debugger PIN: 801-066-297
2024-01-19 18:40:32 India Standard TimeINFO:root:Client connected
2024-01-19 18:40:32 India Standard TimeINFO:root:userid_data: 658c10d2da185563578215d3
2024-01-19 18:40:33 India Standard TimeINFO:root:response: <Response [200]>
2024-01-19 18:40:33 India Standard TimeINFO:root:faceencoding of api face: 128
2024-01-19 18:40:33 India Standard TimeINFO:root:userid_data: 658c10d2da185563578215d3
2024-01-19 18:40:34 India Standard TimeINFO:root:response: <Response [200]>
2024-01-19 18:40:34 India Standard TimeINFO:root:faceencoding of api face: 128
2024-01-19 18:41:03 India Standard TimeINFO:root:Client connected
2024-01-19 18:41:03 India Standard TimeINFO:root:userid_data: 658c10d2da185563578215d3
2024-01-19 18:41:03 India Standard TimeINFO:root:response: <Response [200]>
2024-01-19 18:41:04 India Standard TimeINFO:root:faceencoding of api face: 128
2024-01-19 18:41:04 India Standard TimeINFO:root:userid_data: 658c10d2da185563578215d3
2024-01-19 18:41:04 India Standard TimeINFO:root:response: <Response [200]>
2024-01-19 18:41:05 India Standard TimeINFO:root:faceencoding of api face: 128
2024-01-19 18:41:05 India Standard TimeINFO:root:userid_data: 658c10d2da185563578215d3
2024-01-19 18:41:05 India Standard TimeINFO:root:response: <Response [200]>
2024-01-19 18:41:06 India Standard TimeINFO:root:faceencoding of api face: 128
2024-01-19 18:41:14 India Standard TimeWARNING:root:User-specific image database not found for user: 658c10d2da185563578215d3
2024-01-19 18:41:51 India Standard TimeINFO:werkzeug: * Detected change in 'C:\\Users\\Admin\\PycharmProjects\\Facedetection_matched_ML\\spoofing_face_match_application.py', reloading
2024-01-19 18:41:52 India Standard TimeINFO:werkzeug: * Restarting with stat
2024-01-19 18:41:56 India Standard TimeWARNING:werkzeug: * Debugger is active!
2024-01-19 18:41:56 India Standard TimeINFO:werkzeug: * Debugger PIN: 801-066-297
2024-01-19 18:42:08 India Standard TimeINFO:werkzeug: * Restarting with stat
2024-01-19 18:42:12 India Standard TimeWARNING:werkzeug: * Debugger is active!
2024-01-19 18:42:12 India Standard TimeINFO:werkzeug: * Debugger PIN: 801-066-297
2024-01-19 18:42:31 India Standard TimeINFO:werkzeug: * Detected change in 'C:\\Users\\Admin\\PycharmProjects\\Facedetection_matched_ML\\spoofing_face_match_application.py', reloading
2024-01-19 18:42:31 India Standard TimeINFO:werkzeug: * Restarting with stat
2024-01-19 18:42:37 India Standard TimeINFO:werkzeug: * Restarting with stat
2024-01-19 18:42:42 India Standard TimeWARNING:werkzeug: * Debugger is active!
2024-01-19 18:42:42 India Standard TimeINFO:werkzeug: * Debugger PIN: 801-066-297
2024-01-19 18:42:47 India Standard TimeINFO:root:Client connected
2024-01-19 18:42:47 India Standard TimeINFO:root:userid_data: 658c10d2da185563578215d3
2024-01-19 18:42:48 India Standard TimeINFO:root:response: <Response [200]>
2024-01-19 18:42:48 India Standard TimeINFO:root:faceencoding of api face: 128
2024-01-19 18:42:48 India Standard TimeINFO:root:userid_data: 658c10d2da185563578215d3
2024-01-19 18:42:49 India Standard TimeINFO:root:response: <Response [200]>
2024-01-19 18:42:49 India Standard TimeINFO:root:faceencoding of api face: 128
2024-01-19 18:42:58 India Standard TimeERROR:root:Error: 'dict' object has no attribute 'stream'
2024-01-19 18:44:48 India Standard TimeINFO:werkzeug: * Detected change in 'C:\\Users\\Admin\\PycharmProjects\\Facedetection_matched_ML\\spoofing_face_match_application.py', reloading
2024-01-19 18:44:54 India Standard TimeINFO:werkzeug: * Restarting with stat
2024-01-19 18:44:58 India Standard TimeWARNING:werkzeug: * Debugger is active!
2024-01-19 18:44:58 India Standard TimeINFO:werkzeug: * Debugger PIN: 801-066-297
2024-01-19 18:45:05 India Standard TimeINFO:root:Client connected
2024-01-19 18:45:06 India Standard TimeINFO:root:userid_data: 658c10d2da185563578215d3
2024-01-19 18:45:09 India Standard TimeINFO:root:response: <Response [200]>
2024-01-19 18:45:10 India Standard TimeINFO:root:faceencoding of api face: 128
2024-01-19 18:45:10 India Standard TimeINFO:root:userid_data: 658c10d2da185563578215d3
2024-01-19 18:45:11 India Standard TimeINFO:root:response: <Response [200]>
2024-01-19 18:45:11 India Standard TimeINFO:root:faceencoding of api face: 128
2024-01-19 18:45:16 India Standard TimeERROR:root:Error: 'dict' object has no attribute 'stream'
2024-01-19 18:45:26 India Standard TimeERROR:root:Error: 'dict' object has no attribute 'stream'
2024-01-19 18:49:11 India Standard TimeINFO:werkzeug: * Restarting with stat
2024-01-19 18:49:15 India Standard TimeWARNING:werkzeug: * Debugger is active!
2024-01-19 18:49:15 India Standard TimeINFO:werkzeug: * Debugger PIN: 801-066-297
2024-01-19 18:49:30 India Standard TimeINFO:root:Client connected
2024-01-19 18:49:30 India Standard TimeINFO:root:userid_data: 658c10d2da185563578215d3
2024-01-19 18:49:31 India Standard TimeINFO:root:response: <Response [200]>
2024-01-19 18:49:31 India Standard TimeINFO:root:faceencoding of api face: 128
2024-01-19 18:49:31 India Standard TimeINFO:root:userid_data: 658c10d2da185563578215d3
2024-01-19 18:49:32 India Standard TimeINFO:root:response: <Response [200]>
2024-01-19 18:49:32 India Standard TimeINFO:root:faceencoding of api face: 128
2024-01-19 18:49:33 India Standard TimeINFO:root:Client connected
2024-01-19 18:49:33 India Standard TimeINFO:root:userid_data: 658c10d2da185563578215d3
2024-01-19 18:49:34 India Standard TimeINFO:root:response: <Response [200]>
2024-01-19 18:49:34 India Standard TimeINFO:root:faceencoding of api face: 128
2024-01-19 18:49:34 India Standard TimeINFO:root:userid_data: 658c10d2da185563578215d3
2024-01-19 18:49:35 India Standard TimeINFO:root:response: <Response [200]>
2024-01-19 18:49:35 India Standard TimeINFO:root:faceencoding of api face: 128
2024-01-19 18:49:35 India Standard TimeINFO:root:userid_data: 658c10d2da185563578215d3
2024-01-19 18:49:36 India Standard TimeINFO:root:response: <Response [200]>
2024-01-19 18:49:37 India Standard TimeINFO:root:faceencoding of api face: 128
2024-01-19 18:49:44 India Standard TimeERROR:root:Error: 'dict' object has no attribute 'stream'
2024-01-19 18:49:54 India Standard TimeERROR:root:Error: 'dict' object has no attribute 'stream'
2024-01-19 18:50:04 India Standard TimeERROR:root:Error: 'dict' object has no attribute 'stream'
2024-01-19 18:50:14 India Standard TimeERROR:root:Error: 'dict' object has no attribute 'stream'
2024-01-19 18:50:22 India Standard TimeINFO:werkzeug: * Detected change in 'C:\\Users\\Admin\\PycharmProjects\\Facedetection_matched_ML\\spoofing_face_match_application.py', reloading
2024-01-19 18:50:23 India Standard TimeINFO:werkzeug: * Restarting with stat
2024-01-19 18:50:28 India Standard TimeINFO:werkzeug: * Restarting with stat
2024-01-19 18:50:32 India Standard TimeWARNING:werkzeug: * Debugger is active!
2024-01-19 18:50:32 India Standard TimeINFO:werkzeug: * Debugger PIN: 801-066-297
2024-01-19 18:50:38 India Standard TimeINFO:root:Client connected
2024-01-19 18:50:38 India Standard TimeINFO:root:userid_data: 658c10d2da185563578215d3
2024-01-19 18:50:38 India Standard TimeINFO:root:response: <Response [200]>
2024-01-19 18:50:39 India Standard TimeINFO:root:faceencoding of api face: 128
2024-01-19 18:50:39 India Standard TimeINFO:root:userid_data: 658c10d2da185563578215d3
2024-01-19 18:50:39 India Standard TimeINFO:root:response: <Response [200]>
2024-01-19 18:50:40 India Standard TimeINFO:root:faceencoding of api face: 128
2024-01-19 18:50:49 India Standard TimeERROR:root:Error: 'dict' object has no attribute 'stream'
2024-01-19 18:52:08 India Standard TimeINFO:root:Client connected
2024-01-19 18:52:08 India Standard TimeINFO:root:userid_data: 659bf7bf9cf7817bf8361dfb
2024-01-19 18:52:09 India Standard TimeINFO:root:response: <Response [200]>
2024-01-19 18:52:09 India Standard TimeINFO:root:faceencoding of api face: 128
2024-01-19 18:52:09 India Standard TimeINFO:root:userid_data: 659bf7bf9cf7817bf8361dfb
2024-01-19 18:52:09 India Standard TimeINFO:root:response: <Response [200]>
2024-01-19 18:52:10 India Standard TimeINFO:root:faceencoding of api face: 128
2024-01-19 18:52:10 India Standard TimeINFO:root:userid_data: 658c10d2da185563578215d3
2024-01-19 18:52:10 India Standard TimeINFO:root:response: <Response [200]>
2024-01-19 18:52:11 India Standard TimeINFO:root:faceencoding of api face: 128
2024-01-19 18:52:19 India Standard TimeERROR:root:Error: 'dict' object has no attribute 'stream'
2024-01-19 19:02:01 India Standard TimeINFO:werkzeug: * Detected change in 'C:\\Users\\Admin\\PycharmProjects\\Facedetection_matched_ML\\spoofing_face_match_application.py', reloading
2024-01-19 19:02:02 India Standard TimeINFO:werkzeug: * Restarting with stat
2024-01-19 19:02:06 India Standard TimeWARNING:werkzeug: * Debugger is active!
2024-01-19 19:02:06 India Standard TimeINFO:werkzeug: * Debugger PIN: 801-066-297
2024-01-19 19:03:21 India Standard TimeINFO:root:Client connected
2024-01-19 19:03:21 India Standard TimeINFO:root:userid_data: 658c10d2da185563578215d3
2024-01-19 19:03:22 India Standard TimeINFO:root:response: <Response [200]>
2024-01-19 19:03:23 India Standard TimeINFO:root:faceencoding of api face: 128
2024-01-19 19:03:23 India Standard TimeINFO:root:userid_data: 658c10d2da185563578215d3
2024-01-19 19:03:23 India Standard TimeINFO:root:response: <Response [200]>
2024-01-19 19:03:24 India Standard TimeINFO:root:faceencoding of api face: 128
2024-01-19 19:03:32 India Standard TimeERROR:root:Error: 'dict' object has no attribute 'stream'
2024-01-19 19:04:49 India Standard TimeINFO:werkzeug: * Detected change in 'C:\\Users\\Admin\\PycharmProjects\\Facedetection_matched_ML\\spoofing_face_match_application.py', reloading
2024-01-19 19:04:49 India Standard TimeINFO:werkzeug: * Restarting with stat
2024-01-19 19:04:56 India Standard TimeINFO:werkzeug: * Restarting with stat
2024-01-19 19:05:00 India Standard TimeWARNING:werkzeug: * Debugger is active!
2024-01-19 19:05:00 India Standard TimeINFO:werkzeug: * Debugger PIN: 801-066-297
2024-01-19 19:05:04 India Standard TimeINFO:root:Client connected
2024-01-19 19:05:04 India Standard TimeINFO:root:userid_data: 658c10d2da185563578215d3
2024-01-19 19:05:05 India Standard TimeINFO:root:response: <Response [200]>
2024-01-19 19:05:06 India Standard TimeINFO:root:faceencoding of api face: 128
2024-01-19 19:05:06 India Standard TimeINFO:root:userid_data: 658c10d2da185563578215d3
2024-01-19 19:05:06 India Standard TimeINFO:root:response: <Response [200]>
2024-01-19 19:05:07 India Standard TimeINFO:root:faceencoding of api face: 128
2024-01-19 19:05:15 India Standard TimeERROR:root:Error: 'dict' object has no attribute 'binary_data'
2024-01-19 19:07:55 India Standard TimeINFO:werkzeug: * Detected change in 'C:\\Users\\Admin\\PycharmProjects\\Facedetection_matched_ML\\spoofing_face_match_application.py', reloading
2024-01-19 19:07:55 India Standard TimeINFO:werkzeug: * Restarting with stat
2024-01-19 19:08:02 India Standard TimeINFO:werkzeug: * Restarting with stat
2024-01-19 19:08:06 India Standard TimeWARNING:werkzeug: * Debugger is active!
2024-01-19 19:08:06 India Standard TimeINFO:werkzeug: * Debugger PIN: 801-066-297
2024-01-19 19:08:11 India Standard TimeINFO:root:Client connected
2024-01-19 19:08:11 India Standard TimeINFO:root:userid_data: 658c10d2da185563578215d3
2024-01-19 19:08:12 India Standard TimeINFO:root:response: <Response [200]>
2024-01-19 19:08:12 India Standard TimeINFO:root:faceencoding of api face: 128
2024-01-19 19:08:12 India Standard TimeINFO:root:userid_data: 658c10d2da185563578215d3
2024-01-19 19:08:13 India Standard TimeINFO:root:response: <Response [200]>
2024-01-19 19:08:13 India Standard TimeINFO:root:faceencoding of api face: 128
2024-01-19 19:08:23 India Standard TimeINFO:root:====result {'matched': False, 'name': 'Unknown', 'message': 'not matching face with the DB stored image'}:
2024-01-19 19:08:23 India Standard TimeERROR:root:Error: '658c10d2da185563578215d3'
2024-01-19 19:08:23 India Standard TimeINFO:root:Client disconnected
2024-01-19 19:09:32 India Standard TimeINFO:root:Client connected
2024-01-19 19:09:32 India Standard TimeINFO:root:userid_data: 659bf7bf9cf7817bf8361dfb
2024-01-19 19:09:33 India Standard TimeINFO:root:response: <Response [200]>
2024-01-19 19:09:33 India Standard TimeINFO:root:faceencoding of api face: 128
2024-01-19 19:09:33 India Standard TimeINFO:root:userid_data: 659bf7bf9cf7817bf8361dfb
2024-01-19 19:09:33 India Standard TimeINFO:root:response: <Response [200]>
2024-01-19 19:09:34 India Standard TimeINFO:root:faceencoding of api face: 128
2024-01-19 19:09:34 India Standard TimeINFO:root:Client connected
2024-01-19 19:09:34 India Standard TimeINFO:root:userid_data: 659bf7bf9cf7817bf8361dfb
2024-01-19 19:09:34 India Standard TimeINFO:root:response: <Response [200]>
2024-01-19 19:09:35 India Standard TimeINFO:root:faceencoding of api face: 128
2024-01-19 19:09:35 India Standard TimeINFO:root:userid_data: 658c10d2da185563578215d3
2024-01-19 19:09:35 India Standard TimeINFO:root:response: <Response [200]>
2024-01-19 19:09:36 India Standard TimeINFO:root:faceencoding of api face: 128
2024-01-19 19:09:36 India Standard TimeINFO:root:userid_data: 658c10d2da185563578215d3
2024-01-19 19:09:36 India Standard TimeINFO:root:response: <Response [200]>
2024-01-19 19:09:37 India Standard TimeINFO:root:faceencoding of api face: 128
2024-01-19 19:09:44 India Standard TimeINFO:root:====result {'matched': True, 'name': 'face_encode', 'confidence': 0.7670726077463064, 'message': 'Match Found!'}:
2024-01-19 19:09:44 India Standard TimeINFO:root:====result {'matched': False, 'name': 'Unknown', 'message': 'not matching face with the DB stored image'}:
2024-01-19 19:09:44 India Standard TimeERROR:root:Error: '658c10d2da185563578215d3'
2024-01-19 19:09:44 India Standard TimeINFO:root:Client disconnected
2024-01-19 19:09:44 India Standard TimeINFO:root:Client disconnected
2024-01-19 19:10:01 India Standard TimeINFO:root:Client connected
2024-01-19 19:10:01 India Standard TimeINFO:root:userid_data: 659bf7bf9cf7817bf8361dfb
2024-01-19 19:10:01 India Standard TimeINFO:root:response: <Response [200]>
2024-01-19 19:10:02 India Standard TimeINFO:root:faceencoding of api face: 128
2024-01-19 19:10:02 India Standard TimeINFO:root:userid_data: 659bf7bf9cf7817bf8361dfb
2024-01-19 19:10:02 India Standard TimeINFO:root:response: <Response [200]>
2024-01-19 19:10:02 India Standard TimeINFO:root:faceencoding of api face: 128
2024-01-19 19:10:03 India Standard TimeINFO:root:Client connected
2024-01-19 19:10:03 India Standard TimeINFO:root:userid_data: 658c10d2da185563578215d3
2024-01-19 19:10:04 India Standard TimeINFO:root:response: <Response [200]>
2024-01-19 19:10:04 India Standard TimeINFO:root:faceencoding of api face: 128
2024-01-19 19:10:04 India Standard TimeINFO:root:userid_data: 658c10d2da185563578215d3
2024-01-19 19:10:05 India Standard TimeINFO:root:response: <Response [200]>
2024-01-19 19:10:05 India Standard TimeINFO:root:faceencoding of api face: 128
2024-01-19 19:10:05 India Standard TimeINFO:root:userid_data: 659bf7bf9cf7817bf8361dfb
2024-01-19 19:10:05 India Standard TimeINFO:root:response: <Response [200]>
2024-01-19 19:10:06 India Standard TimeINFO:root:faceencoding of api face: 128
2024-01-19 19:10:12 India Standard TimeINFO:root:====result {'matched': True, 'name': 'face_encode', 'confidence': 0.3456036572231639, 'message': 'Match Found!'}:
2024-01-19 19:10:12 India Standard TimeINFO:root:Client disconnected
2024-01-19 19:10:15 India Standard TimeINFO:root:====result {'matched': True, 'name': 'face_encode', 'confidence': 0.6792560878716145, 'message': 'Match Found!'}:
2024-01-19 19:10:51 India Standard TimeINFO:root:Client connected
2024-01-19 19:10:51 India Standard TimeINFO:root:userid_data: 659bf7bf9cf7817bf8361dfb
2024-01-19 19:10:53 India Standard TimeERROR:root:Error: HTTPConnectionPool(host='13.126.129.218', port=6002): Max retries exceeded with url: /api/auth/user-profile-image/659bf7bf9cf7817bf8361dfb (Caused by NewConnectionError('<urllib3.connection.HTTPConnection object at 0x0000021420DB2C20>: Failed to establish a new connection: [WinError 10061] No connection could be made because the target machine actively refused it'))
2024-01-19 19:10:53 India Standard TimeINFO:root:userid_data: 659bf7bf9cf7817bf8361dfb
2024-01-19 19:10:55 India Standard TimeINFO:root:response: <Response [200]>
2024-01-19 19:10:55 India Standard TimeINFO:root:faceencoding of api face: 128
2024-01-19 19:10:55 India Standard TimeINFO:root:userid_data: 658c10d2da185563578215d3
2024-01-19 19:10:56 India Standard TimeINFO:root:response: <Response [200]>
2024-01-19 19:10:56 India Standard TimeINFO:root:faceencoding of api face: 128
2024-01-19 19:11:03 India Standard TimeINFO:root:====result {'matched': True, 'name': 'face_encode', 'confidence': 0.3002421178576039, 'message': 'Match Found!'}:
2024-01-19 19:11:03 India Standard TimeINFO:root:Client disconnected
2024-01-19 19:11:13 India Standard TimeINFO:root:Client connected
2024-01-19 19:11:13 India Standard TimeINFO:root:userid_data: 658c10d2da185563578215d3
2024-01-19 19:11:13 India Standard TimeINFO:root:response: <Response [200]>
2024-01-19 19:11:14 India Standard TimeINFO:root:faceencoding of api face: 128
2024-01-19 19:11:14 India Standard TimeINFO:root:userid_data: 658c10d2da185563578215d3
2024-01-19 19:11:14 India Standard TimeINFO:root:response: <Response [200]>
2024-01-19 19:11:15 India Standard TimeINFO:root:faceencoding of api face: 128
2024-01-19 19:11:15 India Standard TimeINFO:root:userid_data: 658c10d2da185563578215d3
2024-01-19 19:11:15 India Standard TimeINFO:root:response: <Response [200]>
2024-01-19 19:11:16 India Standard TimeINFO:root:faceencoding of api face: 128
2024-01-19 19:11:16 India Standard TimeINFO:root:Client connected
2024-01-19 19:11:16 India Standard TimeINFO:root:userid_data: 659bf7bf9cf7817bf8361dfb
2024-01-19 19:11:16 India Standard TimeINFO:root:response: <Response [200]>
2024-01-19 19:11:17 India Standard TimeINFO:root:faceencoding of api face: 128
2024-01-19 19:11:17 India Standard TimeINFO:root:userid_data: 658c10d2da185563578215d3
2024-01-19 19:11:17 India Standard TimeINFO:root:response: <Response [200]>
2024-01-19 19:11:18 India Standard TimeINFO:root:faceencoding of api face: 128
2024-01-19 19:11:18 India Standard TimeINFO:root:userid_data: 658c10d2da185563578215d3
2024-01-19 19:11:18 India Standard TimeINFO:root:response: <Response [200]>
2024-01-19 19:11:19 India Standard TimeINFO:root:faceencoding of api face: 128
2024-01-19 19:11:19 India Standard TimeINFO:root:userid_data: 659bf7bf9cf7817bf8361dfb
2024-01-19 19:11:19 India Standard TimeINFO:root:response: <Response [200]>
2024-01-19 19:11:19 India Standard TimeINFO:root:faceencoding of api face: 128
2024-01-19 19:11:24 India Standard TimeINFO:root:====result {'matched': True, 'name': 'face_encode', 'confidence': 0.6876858094341642, 'message': 'Match Found!'}:
2024-01-19 19:11:25 India Standard TimeINFO:root:====result {'matched': False, 'name': 'Unknown', 'message': 'not matching face with the DB stored image'}:
2024-01-19 19:11:25 India Standard TimeERROR:root:Error: '659bf7bf9cf7817bf8361dfb'
2024-01-19 19:11:25 India Standard TimeINFO:root:Client disconnected
2024-01-19 19:11:25 India Standard TimeINFO:root:Client disconnected
2024-01-19 19:14:13 India Standard TimeINFO:werkzeug: * Detected change in 'C:\\Users\\Admin\\PycharmProjects\\Facedetection_matched_ML\\spoofing_face_match_application.py', reloading
2024-01-19 19:14:13 India Standard TimeINFO:werkzeug: * Restarting with stat
2024-01-19 19:14:19 India Standard TimeINFO:werkzeug: * Restarting with stat
2024-01-19 19:14:23 India Standard TimeWARNING:werkzeug: * Debugger is active!
2024-01-19 19:14:23 India Standard TimeINFO:werkzeug: * Debugger PIN: 801-066-297
2024-01-19 19:14:34 India Standard TimeINFO:root:Client connected
2024-01-19 19:14:34 India Standard TimeINFO:root:userid_data: 658c10d2da185563578215d3
2024-01-19 19:14:34 India Standard TimeINFO:root:response: <Response [200]>
2024-01-19 19:14:35 India Standard TimeINFO:root:faceencoding of api face: 128
2024-01-19 19:14:35 India Standard TimeINFO:root:userid_data: 658c10d2da185563578215d3
2024-01-19 19:14:35 India Standard TimeINFO:root:response: <Response [200]>
2024-01-19 19:14:36 India Standard TimeINFO:root:faceencoding of api face: 128
2024-01-19 19:14:36 India Standard TimeINFO:root:Client connected
2024-01-19 19:14:36 India Standard TimeINFO:root:userid_data: 659bf7bf9cf7817bf8361dfb
2024-01-19 19:14:36 India Standard TimeINFO:root:response: <Response [200]>
2024-01-19 19:14:37 India Standard TimeINFO:root:faceencoding of api face: 128
2024-01-19 19:14:37 India Standard TimeINFO:root:userid_data: 659bf7bf9cf7817bf8361dfb
2024-01-19 19:14:37 India Standard TimeINFO:root:response: <Response [200]>
2024-01-19 19:14:37 India Standard TimeINFO:root:faceencoding of api face: 128
2024-01-19 19:14:37 India Standard TimeINFO:root:userid_data: 658c10d2da185563578215d3
2024-01-19 19:14:38 India Standard TimeINFO:root:response: <Response [200]>
2024-01-19 19:14:38 India Standard TimeINFO:root:faceencoding of api face: 128
2024-01-19 19:14:45 India Standard TimeINFO:root:====result {'matched': True, 'name': 'face_encode', 'confidence': 0.44503206421358277, 'message': 'Match Found!'}:
2024-01-19 19:14:45 India Standard TimeERROR:root:Error: 'user_id'
2024-01-19 19:14:46 India Standard TimeINFO:root:====result {'matched': True, 'name': 'face_encode', 'confidence': 0.42831414124536904, 'message': 'Match Found!'}:
2024-01-19 19:14:46 India Standard TimeERROR:root:Error: 'user_id'
2024-01-19 19:14:46 India Standard TimeINFO:root:Client disconnected
2024-01-19 19:14:54 India Standard TimeINFO:root:====result {'matched': False, 'message': 'Please provide a real face'}:
2024-01-19 19:14:54 India Standard TimeINFO:root:Client disconnected
